<?xml version="1.0" encoding="UTF-8"?>
<!-- Generated by org.testng.reporters.JUnitReportReporter -->
<testsuite skipped="0" hostname="niraj-PC" name="TestNGFramework.TestNGExpectedException" tests="1" failures="0" timestamp="7 Dec 2020 23:48:30 GMT" time="0.030" errors="0">
  <testcase name="chkNumberFrmtExcep" time="0.030" classname="TestNGFramework.TestNGExpectedException"/>
</testsuite> <!-- TestNGFramework.TestNGExpectedException -->
