<?xml version="1.0" encoding="UTF-8"?>
<!-- Generated by org.testng.reporters.JUnitReportReporter -->
<testsuite skipped="0" hostname="niraj-PC" name="TestNGFramework.TestNGInvocationCount" tests="10" failures="0" timestamp="8 Dec 2020 22:30:09 GMT" time="0.067" errors="0">
  <testcase name="checkInvocationCount" time="0.000" classname="TestNGFramework.TestNGInvocationCount"/>
  <testcase name="checkInvocationCount" time="0.002" classname="TestNGFramework.TestNGInvocationCount"/>
  <testcase name="checkInvocationCount" time="0.000" classname="TestNGFramework.TestNGInvocationCount"/>
  <testcase name="checkInvocationCount" time="0.000" classname="TestNGFramework.TestNGInvocationCount"/>
  <testcase name="checkInvocationCount" time="0.002" classname="TestNGFramework.TestNGInvocationCount"/>
  <testcase name="checkInvocationCount" time="0.031" classname="TestNGFramework.TestNGInvocationCount"/>
  <testcase name="checkInvocationCount" time="0.015" classname="TestNGFramework.TestNGInvocationCount"/>
  <testcase name="checkInvocationCount" time="0.003" classname="TestNGFramework.TestNGInvocationCount"/>
  <testcase name="checkInvocationCount" time="0.003" classname="TestNGFramework.TestNGInvocationCount"/>
  <testcase name="checkInvocationCount" time="0.011" classname="TestNGFramework.TestNGInvocationCount"/>
</testsuite> <!-- TestNGFramework.TestNGInvocationCount -->
